mode: set
messaging/business/services/intl/v1/auth/auth.go:34.16,43.2 1 1
messaging/business/services/intl/v1/auth/auth.go:51.67,53.16 2 1
messaging/business/services/intl/v1/auth/auth.go:56.2,57.16 2 1
messaging/business/services/intl/v1/auth/auth.go:60.2,60.19 1 1
messaging/business/services/intl/v1/auth/auth.go:53.16,55.3 1 1
messaging/business/services/intl/v1/auth/auth.go:57.16,59.3 1 0
messaging/business/services/intl/v1/auth/auth.go:63.56,64.37 1 1
messaging/business/services/intl/v1/auth/auth.go:68.2,69.67 2 1
messaging/business/services/intl/v1/auth/auth.go:77.2,77.25 1 1
messaging/business/services/intl/v1/auth/auth.go:64.37,66.3 1 0
messaging/business/services/intl/v1/auth/auth.go:69.67,75.3 4 1
messaging/business/services/intl/v1/auth/auth.go:80.46,82.2 1 1
messaging/business/services/intl/v1/auth/auth.go:84.68,86.25 2 1
messaging/business/services/intl/v1/auth/auth.go:92.2,92.14 1 0
messaging/business/services/intl/v1/auth/auth.go:86.25,90.3 3 1
messaging/business/services/intl/v1/user/user.go:28.37,34.2 1 1
messaging/business/services/intl/v1/user/user.go:36.49,42.48 5 1
messaging/business/services/intl/v1/user/user.go:45.2,47.12 2 1
messaging/business/services/intl/v1/user/user.go:42.48,44.3 1 1
messaging/business/services/intl/v1/user/user.go:50.57,54.16 3 1
messaging/business/services/intl/v1/user/user.go:57.2,61.18 4 1
messaging/business/services/intl/v1/user/user.go:54.16,56.3 1 1
messaging/business/services/intl/v1/user/user.go:64.49,66.16 2 1
messaging/business/services/intl/v1/user/user.go:69.2,69.25 1 1
messaging/business/services/intl/v1/user/user.go:73.2,82.25 8 1
messaging/business/services/intl/v1/user/user.go:87.2,88.31 2 1
messaging/business/services/intl/v1/user/user.go:95.2,95.12 1 1
messaging/business/services/intl/v1/user/user.go:66.16,68.3 1 1
messaging/business/services/intl/v1/user/user.go:69.25,71.3 1 0
messaging/business/services/intl/v1/user/user.go:82.25,85.3 2 1
messaging/business/services/intl/v1/user/user.go:88.31,90.17 2 1
messaging/business/services/intl/v1/user/user.go:90.17,92.4 1 0
messaging/business/services/intl/v1/user/user.go:98.43,100.2 1 1
messaging/business/services/intl/v1/user/user.go:102.47,106.16 3 1
messaging/business/services/intl/v1/user/user.go:110.2,111.23 2 1
messaging/business/services/intl/v1/user/user.go:119.2,119.19 1 1
messaging/business/services/intl/v1/user/user.go:106.16,108.3 1 1
messaging/business/services/intl/v1/user/user.go:111.23,117.3 4 1
messaging/utils/net/httpclient/httpclient.go:33.62,36.26 3 1
messaging/utils/net/httpclient/httpclient.go:37.13,38.46 1 1
messaging/utils/net/httpclient/httpclient.go:39.14,40.82 1 1
messaging/utils/net/httpclient/httpclient.go:41.13,42.81 1 1
messaging/utils/net/httpclient/httpclient.go:43.15,44.83 1 1
messaging/utils/net/httpclient/httpclient.go:45.16,46.49 1 1
messaging/utils/net/httpclient/httpclient.go:47.10,48.82 1 1
messaging/utils/net/httpclient/httpclient.go:53.90,56.16 3 1
messaging/utils/net/httpclient/httpclient.go:60.2,62.29 2 1
messaging/utils/net/httpclient/httpclient.go:56.16,58.3 1 1
messaging/utils/net/httpclient/httpclient.go:66.107,69.16 3 1
messaging/utils/net/httpclient/httpclient.go:73.2,75.29 2 1
messaging/utils/net/httpclient/httpclient.go:69.16,71.3 1 1
messaging/utils/net/httpclient/httpclient.go:79.106,82.16 3 1
messaging/utils/net/httpclient/httpclient.go:86.2,88.29 2 1
messaging/utils/net/httpclient/httpclient.go:82.16,84.3 1 1
messaging/utils/net/httpclient/httpclient.go:92.108,95.16 3 1
messaging/utils/net/httpclient/httpclient.go:99.2,101.29 2 1
messaging/utils/net/httpclient/httpclient.go:95.16,97.3 1 1
messaging/utils/net/httpclient/httpclient.go:105.93,108.16 3 1
messaging/utils/net/httpclient/httpclient.go:112.2,114.29 2 1
messaging/utils/net/httpclient/httpclient.go:108.16,110.3 1 1
messaging/utils/net/httpclient/httpclient.go:118.79,131.2 6 1
messaging/utils/net/httpclient/httpclient.go:133.56,135.34 2 1
messaging/utils/net/httpclient/httpclient.go:138.2,138.15 1 1
messaging/utils/net/httpclient/httpclient.go:135.34,137.3 1 1
messaging/utils/net/httpclient/httpclient.go:142.61,143.28 1 1
messaging/utils/net/httpclient/httpclient.go:152.2,152.11 1 1
messaging/utils/net/httpclient/httpclient.go:143.28,146.14 3 1
messaging/utils/net/httpclient/httpclient.go:146.14,147.44 1 1
messaging/utils/net/httpclient/httpclient.go:147.44,149.5 1 1
